home/build/intermediates/manifest_merge_blame_file/debug/manifest-merger-blame-debug-report.txt
1<?xml version="1.0" encoding="utf-8"?>
2<manifest xmlns:android="http://schemas.android.com/apk/res/android"
3    package="com.example.home" >
4
5    <uses-sdk
6        android:minSdkVersion="21"
6-->src\main\AndroidManifest.xml
7        android:targetSdkVersion="32" />
7-->src\main\AndroidManifest.xml
8
9    <uses-permission android:name="android.permission.RECEIVE_BOOT_COMPLETED" />
9-->src\main\AndroidManifest.xml:5:5-81
9-->src\main\AndroidManifest.xml:5:22-78
10    <uses-permission android:name="android.permission.VIBRATE" />
10-->src\main\AndroidManifest.xml:6:5-66
10-->src\main\AndroidManifest.xml:6:22-63
11    <uses-permission android:name="android.permission.FOREGROUND_SERVICE" />
11-->src\main\AndroidManifest.xml:7:5-77
11-->src\main\AndroidManifest.xml:7:22-74
12    <uses-permission android:name="android.permission.WAKE_LOCK" />
12-->src\main\AndroidManifest.xml:8:5-68
12-->src\main\AndroidManifest.xml:8:22-65
13    <uses-permission android:name="android.permission.READ_PHONE_STATE" />
13-->src\main\AndroidManifest.xml:9:5-75
13-->src\main\AndroidManifest.xml:9:22-72
14
15    <application
15-->src\main\AndroidManifest.xml:11:5-48:19
16        android:allowBackup="false"
16-->src\main\AndroidManifest.xml:12:9-36
17        android:icon="@mipmap/ic_launcher"
17-->src\main\AndroidManifest.xml:13:9-43
18        android:label="@string/app_name"
18-->src\main\AndroidManifest.xml:14:9-41
19        android:roundIcon="@mipmap/ic_launcher_round"
19-->src\main\AndroidManifest.xml:15:9-54
20        android:supportsRtl="true"
20-->src\main\AndroidManifest.xml:16:9-35
21        android:theme="@style/AppTheme" >
21-->src\main\AndroidManifest.xml:17:9-40
22        <activity
22-->src\main\AndroidManifest.xml:19:9-23:59
23            android:name="com.example.home.HistoryActivity"
23-->src\main\AndroidManifest.xml:20:13-60
24            android:exported="true"
24-->src\main\AndroidManifest.xml:21:13-36
25            android:label="@string/title_activity_history"
25-->src\main\AndroidManifest.xml:22:13-59
26            android:theme="@style/AppTheme.NoActionBar" />
26-->src\main\AndroidManifest.xml:23:13-56
27        <activity android:name="com.example.home.AlarmMainActivity" />
27-->src\main\AndroidManifest.xml:25:9-71
27-->src\main\AndroidManifest.xml:25:19-68
28
29        <receiver
29-->src\main\AndroidManifest.xml:27:9-34:20
30            android:name="com.example.home.AlarmMainActivity.DeviceBootReceiver"
30-->src\main\AndroidManifest.xml:28:13-63
31            android:enabled="false"
31-->src\main\AndroidManifest.xml:29:13-36
32            android:exported="false" >
32-->src\main\AndroidManifest.xml:30:13-37
33            <intent-filter>
33-->src\main\AndroidManifest.xml:31:13-33:29
34                <action android:name="android.intent.action.BOOT_COMPLETED" />
34-->src\main\AndroidManifest.xml:32:17-79
34-->src\main\AndroidManifest.xml:32:25-76
35            </intent-filter>
36        </receiver>
37        <receiver android:name="com.example.home.AlarmReceiver" />
37-->src\main\AndroidManifest.xml:35:9-67
37-->src\main\AndroidManifest.xml:35:19-64
38        <receiver
38-->src\main\AndroidManifest.xml:36:9-43:20
39            android:name="com.example.home.TimeChangeReceiver"
39-->src\main\AndroidManifest.xml:37:13-63
40            android:enabled="true"
40-->src\main\AndroidManifest.xml:38:13-35
41            android:exported="true" >
41-->src\main\AndroidManifest.xml:39:13-36
42            <intent-filter>
42-->src\main\AndroidManifest.xml:40:13-42:29
43                <action android:name="android.intent.action.TIME_SET" />
43-->src\main\AndroidManifest.xml:41:17-73
43-->src\main\AndroidManifest.xml:41:25-70
44            </intent-filter>
45        </receiver>
46
47        <service
47-->src\main\AndroidManifest.xml:44:9-47:39
48            android:name="com.example.home.MyService"
48-->src\main\AndroidManifest.xml:45:13-54
49            android:enabled="true"
49-->src\main\AndroidManifest.xml:46:13-35
50            android:exported="true" />
50-->src\main\AndroidManifest.xml:47:13-36
51    </application>
52
53</manifest>